==========================================
SLURM_JOB_ID = 750651
SLURM_NODELIST = gnode069
SLURM_JOB_GPUS = 0
==========================================
wandb: Currently logged in as: loki-777. Use `wandb login --relogin` to force relogin
wandb: Tracking run with wandb version 0.13.2
wandb: Run data is saved locally in /home2/vijay.vignesh/loki/pytorch-modular/main/wandb/run-20220901_182844-jh7ewum3
wandb: Run `wandb offline` to turn off syncing.
wandb: Syncing run JointLearning-MallesNet-500epochs2022-09-01 18:28:40.443142
wandb: ⭐️ View project at https://wandb.ai/loki-777/joint-learning
wandb: 🚀 View run at https://wandb.ai/loki-777/joint-learning/runs/jh7ewum3
-------JointModel | MallesNet | cuda:0-------
...TRAINING...
/home2/vijay.vignesh/miniconda3/envs/loki/lib/python3.9/site-packages/monai/losses/dice.py:150: UserWarning: single channel prediction, `include_background=False` ignored.
  warnings.warn("single channel prediction, `include_background=False` ignored.")
Epoch: 1 | train_loss: 3475.9059 | segmentation_loss: 0.9759 | reconstruction_loss: 3474.9297 | val_loss: 3282.8378 | 
Epoch: 2 | train_loss: 3469.8925 | segmentation_loss: 0.9756 | reconstruction_loss: 3468.9165 | val_loss: 3259.3958 | 
Epoch: 3 | train_loss: 3401.8651 | segmentation_loss: 0.9747 | reconstruction_loss: 3400.8904 | val_loss: 3125.6609 | 
Epoch: 4 | train_loss: 3055.3806 | segmentation_loss: 0.9732 | reconstruction_loss: 3054.4072 | val_loss: 2520.5512 | 
Epoch: 5 | train_loss: 2006.7719 | segmentation_loss: 0.9711 | reconstruction_loss: 2005.8011 | val_loss: 1530.4171 | 
Epoch: 6 | train_loss: 1435.2260 | segmentation_loss: 0.9679 | reconstruction_loss: 1434.2581 | val_loss: 1309.4731 | 
Epoch: 7 | train_loss: 1174.7561 | segmentation_loss: 0.9625 | reconstruction_loss: 1173.7937 | val_loss: 1095.3865 | 
Epoch: 8 | train_loss: 1031.0812 | segmentation_loss: 0.9566 | reconstruction_loss: 1030.1248 | val_loss: 1002.5420 | 
Epoch: 9 | train_loss: 993.7773 | segmentation_loss: 0.9512 | reconstruction_loss: 992.8263 | val_loss: 991.8787 | 
Epoch: 10 | train_loss: 982.0022 | segmentation_loss: 0.9465 | reconstruction_loss: 981.0557 | val_loss: 981.3702 | 
Epoch: 11 | train_loss: 963.5232 | segmentation_loss: 0.9422 | reconstruction_loss: 962.5809 | val_loss: 983.1775 | 
Epoch: 12 | train_loss: 959.2484 | segmentation_loss: 0.9381 | reconstruction_loss: 958.3104 | val_loss: 977.4501 | 
Epoch: 13 | train_loss: 951.9255 | segmentation_loss: 0.9342 | reconstruction_loss: 950.9914 | val_loss: 958.0002 | 
Epoch: 14 | train_loss: 949.1997 | segmentation_loss: 0.9304 | reconstruction_loss: 948.2693 | val_loss: 973.3799 | 
Epoch: 15 | train_loss: 944.4428 | segmentation_loss: 0.9275 | reconstruction_loss: 943.5151 | val_loss: 961.5345 | 
Epoch: 16 | train_loss: 941.8690 | segmentation_loss: 0.9248 | reconstruction_loss: 940.9442 | val_loss: 951.8051 | 
Epoch: 17 | train_loss: 939.7501 | segmentation_loss: 0.9211 | reconstruction_loss: 938.8290 | val_loss: 960.9832 | 
Epoch: 18 | train_loss: 928.6495 | segmentation_loss: 0.9178 | reconstruction_loss: 927.7318 | val_loss: 936.9059 | 
Epoch: 19 | train_loss: 928.2376 | segmentation_loss: 0.9153 | reconstruction_loss: 927.3224 | val_loss: 946.2988 | 
Epoch: 20 | train_loss: 926.0062 | segmentation_loss: 0.9131 | reconstruction_loss: 925.0933 | val_loss: 959.0682 | 
Epoch: 21 | train_loss: 928.8557 | segmentation_loss: 0.9103 | reconstruction_loss: 927.9454 | val_loss: 949.3802 | 
Epoch: 22 | train_loss: 930.5781 | segmentation_loss: 0.9081 | reconstruction_loss: 929.6699 | val_loss: 966.8333 | 
Epoch: 23 | train_loss: 916.1401 | segmentation_loss: 0.9045 | reconstruction_loss: 915.2357 | val_loss: 931.8159 | 
Epoch: 24 | train_loss: 907.5227 | segmentation_loss: 0.9018 | reconstruction_loss: 906.6212 | val_loss: 935.4741 | 
Epoch: 25 | train_loss: 901.6111 | segmentation_loss: 0.8986 | reconstruction_loss: 900.7124 | val_loss: 919.3453 | 
Epoch: 26 | train_loss: 897.9632 | segmentation_loss: 0.8957 | reconstruction_loss: 897.0675 | val_loss: 906.8076 | 
Epoch: 27 | train_loss: 904.9203 | segmentation_loss: 0.8933 | reconstruction_loss: 904.0270 | val_loss: 921.2028 | 
Epoch: 28 | train_loss: 894.5026 | segmentation_loss: 0.8909 | reconstruction_loss: 893.6117 | val_loss: 917.5194 | 
Epoch: 29 | train_loss: 874.1589 | segmentation_loss: 0.8875 | reconstruction_loss: 873.2714 | val_loss: 894.0740 | 
Epoch: 30 | train_loss: 878.3621 | segmentation_loss: 0.8837 | reconstruction_loss: 877.4783 | val_loss: 897.3157 | 
Epoch: 31 | train_loss: 869.6339 | segmentation_loss: 0.8798 | reconstruction_loss: 868.7542 | val_loss: 889.8191 | 
Epoch: 32 | train_loss: 869.3347 | segmentation_loss: 0.8756 | reconstruction_loss: 868.4592 | val_loss: 875.7846 | 
Epoch: 33 | train_loss: 851.3414 | segmentation_loss: 0.8713 | reconstruction_loss: 850.4701 | val_loss: 913.9584 | 
Epoch: 34 | train_loss: 844.5858 | segmentation_loss: 0.8660 | reconstruction_loss: 843.7197 | val_loss: 882.4270 | 
Epoch: 35 | train_loss: 835.9379 | segmentation_loss: 0.8589 | reconstruction_loss: 835.0790 | val_loss: 857.6883 | 
Epoch: 36 | train_loss: 830.6416 | segmentation_loss: 0.8525 | reconstruction_loss: 829.7889 | val_loss: 831.4833 | 
Epoch: 37 | train_loss: 820.2338 | segmentation_loss: 0.8452 | reconstruction_loss: 819.3886 | val_loss: 836.8975 | 
Epoch: 38 | train_loss: 815.7521 | segmentation_loss: 0.8386 | reconstruction_loss: 814.9136 | val_loss: 843.0513 | 
Epoch: 39 | train_loss: 823.4274 | segmentation_loss: 0.8339 | reconstruction_loss: 822.5936 | val_loss: 851.3370 | 
Epoch: 40 | train_loss: 804.1695 | segmentation_loss: 0.8282 | reconstruction_loss: 803.3416 | val_loss: 825.0905 | 
Epoch: 41 | train_loss: 805.7714 | segmentation_loss: 0.8223 | reconstruction_loss: 804.9490 | val_loss: 822.9787 | 
Epoch: 42 | train_loss: 799.9530 | segmentation_loss: 0.8112 | reconstruction_loss: 799.1417 | val_loss: 814.6063 | 
Epoch: 43 | train_loss: 788.8358 | segmentation_loss: 0.8024 | reconstruction_loss: 788.0333 | val_loss: 805.6550 | 
Epoch: 44 | train_loss: 791.1609 | segmentation_loss: 0.7931 | reconstruction_loss: 790.3678 | val_loss: 803.2973 | 
Epoch: 45 | train_loss: 800.9236 | segmentation_loss: 0.7835 | reconstruction_loss: 800.1399 | val_loss: 815.1792 | 
Epoch: 46 | train_loss: 781.0112 | segmentation_loss: 0.7740 | reconstruction_loss: 780.2371 | val_loss: 805.7215 | 
Epoch: 47 | train_loss: 775.6964 | segmentation_loss: 0.7633 | reconstruction_loss: 774.9332 | val_loss: 790.4251 | 
Epoch: 48 | train_loss: 778.9896 | segmentation_loss: 0.7543 | reconstruction_loss: 778.2355 | val_loss: 783.7347 | 
Epoch: 49 | train_loss: 773.6480 | segmentation_loss: 0.7466 | reconstruction_loss: 772.9014 | val_loss: 781.0850 | 
Epoch: 50 | train_loss: 765.2030 | segmentation_loss: 0.7363 | reconstruction_loss: 764.4667 | val_loss: 783.1534 | 
Epoch: 51 | train_loss: 763.1051 | segmentation_loss: 0.7234 | reconstruction_loss: 762.3817 | val_loss: 807.0262 | 
Epoch: 52 | train_loss: 757.0402 | segmentation_loss: 0.7099 | reconstruction_loss: 756.3304 | val_loss: 787.7059 | 
Epoch: 53 | train_loss: 750.7256 | segmentation_loss: 0.6976 | reconstruction_loss: 750.0280 | val_loss: 795.5917 | 
Epoch: 54 | train_loss: 744.5672 | segmentation_loss: 0.6846 | reconstruction_loss: 743.8824 | val_loss: 769.0093 | 
Epoch: 55 | train_loss: 738.5420 | segmentation_loss: 0.6709 | reconstruction_loss: 737.8710 | val_loss: 778.2186 | 
Epoch: 56 | train_loss: 740.6019 | segmentation_loss: 0.6584 | reconstruction_loss: 739.9435 | val_loss: 781.8684 | 
Epoch: 57 | train_loss: 730.5495 | segmentation_loss: 0.6453 | reconstruction_loss: 729.9041 | val_loss: 778.7360 | 
Epoch: 58 | train_loss: 728.5919 | segmentation_loss: 0.6338 | reconstruction_loss: 727.9580 | val_loss: 760.2158 | 
Epoch: 59 | train_loss: 735.7425 | segmentation_loss: 0.6249 | reconstruction_loss: 735.1177 | val_loss: 756.8342 | 
Epoch: 60 | train_loss: 724.2555 | segmentation_loss: 0.6143 | reconstruction_loss: 723.6413 | val_loss: 759.7735 | 
Epoch: 61 | train_loss: 711.6447 | segmentation_loss: 0.6007 | reconstruction_loss: 711.0440 | val_loss: 726.8836 | 
Epoch: 62 | train_loss: 701.6030 | segmentation_loss: 0.5916 | reconstruction_loss: 701.0117 | val_loss: 728.8390 | 
Epoch: 63 | train_loss: 705.1683 | segmentation_loss: 0.5776 | reconstruction_loss: 704.5908 | val_loss: 733.9306 | 
Epoch: 64 | train_loss: 693.4398 | segmentation_loss: 0.5636 | reconstruction_loss: 692.8762 | val_loss: 727.0805 | 
Epoch: 65 | train_loss: 685.2552 | segmentation_loss: 0.5484 | reconstruction_loss: 684.7067 | val_loss: 711.3682 | 
Epoch: 66 | train_loss: 697.0097 | segmentation_loss: 0.5364 | reconstruction_loss: 696.4733 | val_loss: 725.8089 | 
Epoch: 67 | train_loss: 694.5442 | segmentation_loss: 0.5257 | reconstruction_loss: 694.0185 | val_loss: 716.6535 | 
Epoch: 68 | train_loss: 679.3938 | segmentation_loss: 0.5159 | reconstruction_loss: 678.8778 | val_loss: 729.4075 | 
Epoch: 69 | train_loss: 702.7488 | segmentation_loss: 0.5052 | reconstruction_loss: 702.2435 | val_loss: 737.5872 | 
Epoch: 70 | train_loss: 674.8959 | segmentation_loss: 0.4950 | reconstruction_loss: 674.4010 | val_loss: 698.1419 | 
Epoch: 71 | train_loss: 659.9419 | segmentation_loss: 0.4823 | reconstruction_loss: 659.4597 | val_loss: 699.0671 | 
Epoch: 72 | train_loss: 662.5314 | segmentation_loss: 0.4695 | reconstruction_loss: 662.0620 | val_loss: 719.5823 | 
Epoch: 73 | train_loss: 661.7763 | segmentation_loss: 0.4586 | reconstruction_loss: 661.3178 | val_loss: 680.5670 | 
Epoch: 74 | train_loss: 646.7372 | segmentation_loss: 0.4498 | reconstruction_loss: 646.2875 | val_loss: 667.3824 | 
Epoch: 75 | train_loss: 644.8879 | segmentation_loss: 0.4377 | reconstruction_loss: 644.4502 | val_loss: 677.0488 | 
Epoch: 76 | train_loss: 632.5943 | segmentation_loss: 0.4279 | reconstruction_loss: 632.1664 | val_loss: 670.8814 | 
Epoch: 77 | train_loss: 641.6017 | segmentation_loss: 0.4184 | reconstruction_loss: 641.1833 | val_loss: 653.1019 | 
Epoch: 78 | train_loss: 628.2866 | segmentation_loss: 0.4121 | reconstruction_loss: 627.8745 | val_loss: 673.2523 | 
Epoch: 79 | train_loss: 631.5162 | segmentation_loss: 0.4050 | reconstruction_loss: 631.1111 | val_loss: 663.6123 | 
Epoch: 80 | train_loss: 621.2461 | segmentation_loss: 0.3943 | reconstruction_loss: 620.8519 | val_loss: 652.6428 | 
Epoch: 81 | train_loss: 621.2917 | segmentation_loss: 0.3874 | reconstruction_loss: 620.9044 | val_loss: 658.0939 | 
Epoch: 82 | train_loss: 620.3600 | segmentation_loss: 0.3781 | reconstruction_loss: 619.9819 | val_loss: 704.6398 | 
Epoch: 83 | train_loss: 615.4133 | segmentation_loss: 0.3711 | reconstruction_loss: 615.0422 | val_loss: 636.2393 | 
Epoch: 84 | train_loss: 620.4252 | segmentation_loss: 0.3614 | reconstruction_loss: 620.0638 | val_loss: 647.8448 | 
Epoch: 85 | train_loss: 600.7957 | segmentation_loss: 0.3543 | reconstruction_loss: 600.4415 | val_loss: 647.9631 | 
Epoch: 86 | train_loss: 600.4328 | segmentation_loss: 0.3460 | reconstruction_loss: 600.0867 | val_loss: 656.1163 | 
Epoch: 87 | train_loss: 595.3010 | segmentation_loss: 0.3392 | reconstruction_loss: 594.9619 | val_loss: 634.7819 | 
Epoch: 88 | train_loss: 598.6225 | segmentation_loss: 0.3338 | reconstruction_loss: 598.2886 | val_loss: 627.6178 | 
Epoch: 89 | train_loss: 596.8859 | segmentation_loss: 0.3276 | reconstruction_loss: 596.5582 | val_loss: 658.6909 | 
Epoch: 90 | train_loss: 589.9827 | segmentation_loss: 0.3203 | reconstruction_loss: 589.6625 | val_loss: 645.4548 | 
Epoch: 91 | train_loss: 588.1743 | segmentation_loss: 0.3135 | reconstruction_loss: 587.8610 | val_loss: 646.1347 | 
Epoch: 92 | train_loss: 581.7467 | segmentation_loss: 0.3054 | reconstruction_loss: 581.4414 | val_loss: 618.5713 | 
Epoch: 93 | train_loss: 576.3649 | segmentation_loss: 0.2991 | reconstruction_loss: 576.0659 | val_loss: 621.0793 | 
Epoch: 94 | train_loss: 575.1827 | segmentation_loss: 0.2944 | reconstruction_loss: 574.8884 | val_loss: 641.7167 | 
Epoch: 95 | train_loss: 582.6492 | segmentation_loss: 0.2890 | reconstruction_loss: 582.3602 | val_loss: 630.4621 | 
Epoch: 96 | train_loss: 567.1311 | segmentation_loss: 0.2823 | reconstruction_loss: 566.8486 | val_loss: 620.3467 | 
Epoch: 97 | train_loss: 575.3402 | segmentation_loss: 0.2781 | reconstruction_loss: 575.0621 | val_loss: 614.1676 | 
Epoch: 98 | train_loss: 559.8682 | segmentation_loss: 0.2735 | reconstruction_loss: 559.5947 | val_loss: 603.7911 | 
Epoch: 99 | train_loss: 561.7413 | segmentation_loss: 0.2673 | reconstruction_loss: 561.4740 | val_loss: 601.6405 | 
Epoch: 100 | train_loss: 573.2865 | segmentation_loss: 0.2620 | reconstruction_loss: 573.0246 | val_loss: 608.3606 | 
Epoch: 101 | train_loss: 553.5037 | segmentation_loss: 0.2573 | reconstruction_loss: 553.2463 | val_loss: 600.0992 | 
Epoch: 102 | train_loss: 545.4364 | segmentation_loss: 0.2528 | reconstruction_loss: 545.1836 | val_loss: 585.2666 | 
Epoch: 103 | train_loss: 544.9071 | segmentation_loss: 0.2478 | reconstruction_loss: 544.6592 | val_loss: 591.9000 | 
Epoch: 104 | train_loss: 535.2164 | segmentation_loss: 0.2449 | reconstruction_loss: 534.9714 | val_loss: 582.7802 | 
Epoch: 105 | train_loss: 543.2480 | segmentation_loss: 0.2420 | reconstruction_loss: 543.0061 | val_loss: 581.4272 | 
Epoch: 106 | train_loss: 531.7957 | segmentation_loss: 0.2366 | reconstruction_loss: 531.5591 | val_loss: 593.5570 | 
Epoch: 107 | train_loss: 540.4116 | segmentation_loss: 0.2332 | reconstruction_loss: 540.1783 | val_loss: 585.9502 | 
Epoch: 108 | train_loss: 533.2518 | segmentation_loss: 0.2298 | reconstruction_loss: 533.0221 | val_loss: 576.4702 | 
Epoch: 109 | train_loss: 525.7822 | segmentation_loss: 0.2278 | reconstruction_loss: 525.5544 | val_loss: 572.9009 | 
Epoch: 110 | train_loss: 524.4161 | segmentation_loss: 0.2247 | reconstruction_loss: 524.1914 | val_loss: 586.4229 | 
Epoch: 111 | train_loss: 519.5650 | segmentation_loss: 0.2210 | reconstruction_loss: 519.3439 | val_loss: 573.0138 | 
Epoch: 112 | train_loss: 513.4595 | segmentation_loss: 0.2164 | reconstruction_loss: 513.2431 | val_loss: 561.9318 | 
Epoch: 113 | train_loss: 525.5165 | segmentation_loss: 0.2141 | reconstruction_loss: 525.3024 | val_loss: 574.3943 | 
Epoch: 114 | train_loss: 511.3441 | segmentation_loss: 0.2097 | reconstruction_loss: 511.1344 | val_loss: 573.3933 | 
Epoch: 115 | train_loss: 504.9838 | segmentation_loss: 0.2042 | reconstruction_loss: 504.7795 | val_loss: 560.0858 | 
Epoch: 116 | train_loss: 511.1096 | segmentation_loss: 0.2009 | reconstruction_loss: 510.9087 | val_loss: 568.2115 | 
Epoch: 117 | train_loss: 506.3166 | segmentation_loss: 0.2004 | reconstruction_loss: 506.1162 | val_loss: 557.1594 | 
Epoch: 118 | train_loss: 498.7890 | segmentation_loss: 0.1970 | reconstruction_loss: 498.5920 | val_loss: 554.6019 | 
Epoch: 119 | train_loss: 495.8113 | segmentation_loss: 0.1922 | reconstruction_loss: 495.6190 | val_loss: 548.7680 | 
Epoch: 120 | train_loss: 493.0240 | segmentation_loss: 0.1894 | reconstruction_loss: 492.8345 | val_loss: 558.3830 | 
Epoch: 121 | train_loss: 498.9021 | segmentation_loss: 0.1888 | reconstruction_loss: 498.7133 | val_loss: 569.8426 | 
Epoch: 122 | train_loss: 494.2518 | segmentation_loss: 0.1862 | reconstruction_loss: 494.0656 | val_loss: 563.9715 | 
Epoch: 123 | train_loss: 495.3279 | segmentation_loss: 0.1847 | reconstruction_loss: 495.1432 | val_loss: 536.1081 | 
Epoch: 124 | train_loss: 496.0400 | segmentation_loss: 0.1834 | reconstruction_loss: 495.8565 | val_loss: 563.4491 | 
Epoch: 125 | train_loss: 491.6169 | segmentation_loss: 0.1825 | reconstruction_loss: 491.4344 | val_loss: 550.2763 | 
Epoch: 126 | train_loss: 490.9912 | segmentation_loss: 0.1810 | reconstruction_loss: 490.8102 | val_loss: 549.4092 | 
Epoch: 127 | train_loss: 476.9332 | segmentation_loss: 0.1761 | reconstruction_loss: 476.7571 | val_loss: 533.8806 | 
Epoch: 128 | train_loss: 474.6066 | segmentation_loss: 0.1751 | reconstruction_loss: 474.4316 | val_loss: 533.5003 | 
Epoch: 129 | train_loss: 473.2887 | segmentation_loss: 0.1724 | reconstruction_loss: 473.1163 | val_loss: 521.0230 | 
Epoch: 130 | train_loss: 477.3029 | segmentation_loss: 0.1700 | reconstruction_loss: 477.1328 | val_loss: 535.2094 | 
Epoch: 131 | train_loss: 470.1003 | segmentation_loss: 0.1669 | reconstruction_loss: 469.9333 | val_loss: 549.2091 | 
Epoch: 132 | train_loss: 487.7550 | segmentation_loss: 0.1654 | reconstruction_loss: 487.5897 | val_loss: 542.3757 | 
Epoch: 133 | train_loss: 473.9245 | segmentation_loss: 0.1647 | reconstruction_loss: 473.7598 | val_loss: 546.1878 | 
Epoch: 134 | train_loss: 475.8742 | segmentation_loss: 0.1650 | reconstruction_loss: 475.7091 | val_loss: 535.3283 | 
Epoch: 135 | train_loss: 477.1237 | segmentation_loss: 0.1633 | reconstruction_loss: 476.9604 | val_loss: 526.7298 | 
Epoch: 136 | train_loss: 469.3335 | segmentation_loss: 0.1604 | reconstruction_loss: 469.1731 | val_loss: 536.2812 | 
Epoch: 137 | train_loss: 460.5893 | segmentation_loss: 0.1590 | reconstruction_loss: 460.4303 | val_loss: 532.5054 | 
Epoch: 138 | train_loss: 460.9376 | segmentation_loss: 0.1558 | reconstruction_loss: 460.7817 | val_loss: 549.9724 | 
Epoch: 139 | train_loss: 461.8470 | segmentation_loss: 0.1538 | reconstruction_loss: 461.6933 | val_loss: 514.9056 | 
Epoch: 140 | train_loss: 450.9629 | segmentation_loss: 0.1518 | reconstruction_loss: 450.8112 | val_loss: 517.9646 | 
Epoch: 141 | train_loss: 453.0652 | segmentation_loss: 0.1515 | reconstruction_loss: 452.9137 | val_loss: 515.5125 | 
Epoch: 142 | train_loss: 453.9954 | segmentation_loss: 0.1540 | reconstruction_loss: 453.8413 | val_loss: 551.4235 | 
Epoch: 143 | train_loss: 455.7900 | segmentation_loss: 0.1576 | reconstruction_loss: 455.6324 | val_loss: 522.6639 | 
Epoch: 144 | train_loss: 451.1945 | segmentation_loss: 0.1493 | reconstruction_loss: 451.0451 | val_loss: 531.9818 | 
Epoch: 145 | train_loss: 450.5657 | segmentation_loss: 0.1472 | reconstruction_loss: 450.4185 | val_loss: 527.6990 | 
Epoch: 146 | train_loss: 445.2292 | segmentation_loss: 0.1453 | reconstruction_loss: 445.0838 | val_loss: 511.4438 | 
Epoch: 147 | train_loss: 444.9595 | segmentation_loss: 0.1443 | reconstruction_loss: 444.8152 | val_loss: 507.7617 | 
Epoch: 148 | train_loss: 438.6048 | segmentation_loss: 0.1426 | reconstruction_loss: 438.4622 | val_loss: 518.1725 | 
Epoch: 149 | train_loss: 435.8863 | segmentation_loss: 0.1416 | reconstruction_loss: 435.7446 | val_loss: 507.6934 | 
Epoch: 150 | train_loss: 433.1042 | segmentation_loss: 0.1386 | reconstruction_loss: 432.9657 | val_loss: 495.2825 | 
Epoch: 151 | train_loss: 432.8455 | segmentation_loss: 0.1372 | reconstruction_loss: 432.7083 | val_loss: 502.0146 | 
Epoch: 152 | train_loss: 432.0554 | segmentation_loss: 0.1376 | reconstruction_loss: 431.9178 | val_loss: 493.2099 | 
Epoch: 153 | train_loss: 429.1016 | segmentation_loss: 0.1364 | reconstruction_loss: 428.9651 | val_loss: 493.1635 | 
Epoch: 154 | train_loss: 423.8940 | segmentation_loss: 0.1364 | reconstruction_loss: 423.7576 | val_loss: 509.3889 | 
Epoch: 155 | train_loss: 430.7593 | segmentation_loss: 0.1341 | reconstruction_loss: 430.6253 | val_loss: 488.7303 | 
Epoch: 156 | train_loss: 424.0237 | segmentation_loss: 0.1322 | reconstruction_loss: 423.8914 | val_loss: 496.0026 | 
Epoch: 157 | train_loss: 420.1845 | segmentation_loss: 0.1328 | reconstruction_loss: 420.0517 | val_loss: 499.3431 | 
Epoch: 158 | train_loss: 459.2593 | segmentation_loss: 0.1389 | reconstruction_loss: 459.1205 | val_loss: 516.3701 | 
Epoch: 159 | train_loss: 431.7299 | segmentation_loss: 0.1357 | reconstruction_loss: 431.5943 | val_loss: 506.2348 | 
Epoch: 160 | train_loss: 416.2807 | segmentation_loss: 0.1307 | reconstruction_loss: 416.1500 | val_loss: 500.9863 | 
Epoch: 161 | train_loss: 413.5718 | segmentation_loss: 0.1283 | reconstruction_loss: 413.4435 | val_loss: 483.4193 | 
Epoch: 162 | train_loss: 411.2515 | segmentation_loss: 0.1288 | reconstruction_loss: 411.1228 | val_loss: 497.9834 | 
Epoch: 163 | train_loss: 416.7932 | segmentation_loss: 0.1292 | reconstruction_loss: 416.6639 | val_loss: 506.7844 | 
Epoch: 164 | train_loss: 415.6123 | segmentation_loss: 0.1289 | reconstruction_loss: 415.4834 | val_loss: 480.9558 | 
Epoch: 165 | train_loss: 404.3177 | segmentation_loss: 0.1259 | reconstruction_loss: 404.1917 | val_loss: 487.5046 | 
Epoch: 166 | train_loss: 406.7207 | segmentation_loss: 0.1242 | reconstruction_loss: 406.5966 | val_loss: 481.1839 | 
Epoch: 167 | train_loss: 405.1329 | segmentation_loss: 0.1231 | reconstruction_loss: 405.0099 | val_loss: 481.1747 | 
Epoch: 168 | train_loss: 401.7130 | segmentation_loss: 0.1218 | reconstruction_loss: 401.5912 | val_loss: 487.6950 | 
Epoch: 169 | train_loss: 414.5512 | segmentation_loss: 0.1249 | reconstruction_loss: 414.4263 | val_loss: 492.5345 | 
Epoch: 170 | train_loss: 409.7690 | segmentation_loss: 0.1269 | reconstruction_loss: 409.6422 | val_loss: 480.4480 | 
Epoch: 171 | train_loss: 402.2582 | segmentation_loss: 0.1241 | reconstruction_loss: 402.1341 | val_loss: 482.3055 | 
Epoch: 172 | train_loss: 400.3339 | segmentation_loss: 0.1227 | reconstruction_loss: 400.2112 | val_loss: 463.5203 | 
Epoch: 173 | train_loss: 398.5728 | segmentation_loss: 0.1203 | reconstruction_loss: 398.4525 | val_loss: 482.4946 | 
Epoch: 174 | train_loss: 395.0869 | segmentation_loss: 0.1190 | reconstruction_loss: 394.9679 | val_loss: 476.3967 | 
Epoch: 175 | train_loss: 395.2772 | segmentation_loss: 0.1186 | reconstruction_loss: 395.1587 | val_loss: 472.7173 | 
Epoch: 176 | train_loss: 403.1036 | segmentation_loss: 0.1216 | reconstruction_loss: 402.9820 | val_loss: 499.5360 | 
Epoch: 177 | train_loss: 395.4087 | segmentation_loss: 0.1211 | reconstruction_loss: 395.2876 | val_loss: 469.6784 | 
Epoch: 178 | train_loss: 390.2933 | segmentation_loss: 0.1166 | reconstruction_loss: 390.1767 | val_loss: 472.5921 | 
Epoch: 179 | train_loss: 389.4474 | segmentation_loss: 0.1159 | reconstruction_loss: 389.3314 | val_loss: 471.9276 | 
Epoch: 180 | train_loss: 387.1424 | segmentation_loss: 0.1154 | reconstruction_loss: 387.0270 | val_loss: 461.2255 | 
Epoch: 181 | train_loss: 385.8746 | segmentation_loss: 0.1146 | reconstruction_loss: 385.7601 | val_loss: 471.0075 | 
Epoch: 182 | train_loss: 382.6678 | segmentation_loss: 0.1168 | reconstruction_loss: 382.5510 | val_loss: 474.2399 | 
Epoch: 183 | train_loss: 378.6722 | segmentation_loss: 0.1147 | reconstruction_loss: 378.5576 | val_loss: 469.3755 | 
Epoch: 184 | train_loss: 388.3479 | segmentation_loss: 0.1162 | reconstruction_loss: 388.2317 | val_loss: 461.5147 | 
Epoch: 185 | train_loss: 382.8013 | segmentation_loss: 0.1142 | reconstruction_loss: 382.6871 | val_loss: 465.6256 | 
Epoch: 186 | train_loss: 380.8183 | segmentation_loss: 0.1134 | reconstruction_loss: 380.7049 | val_loss: 494.0646 | 
Epoch: 187 | train_loss: 387.1110 | segmentation_loss: 0.1155 | reconstruction_loss: 386.9955 | val_loss: 472.6331 | 
Epoch: 188 | train_loss: 378.9491 | segmentation_loss: 0.1121 | reconstruction_loss: 378.8370 | val_loss: 469.8826 | 
Epoch: 189 | train_loss: 375.4647 | segmentation_loss: 0.1110 | reconstruction_loss: 375.3537 | val_loss: 478.4647 | 
Epoch: 190 | train_loss: 377.5008 | segmentation_loss: 0.1104 | reconstruction_loss: 377.3904 | val_loss: 480.0354 | 
Epoch: 191 | train_loss: 378.6651 | segmentation_loss: 0.1099 | reconstruction_loss: 378.5552 | val_loss: 462.8499 | 
Epoch: 192 | train_loss: 369.8617 | segmentation_loss: 0.1093 | reconstruction_loss: 369.7524 | val_loss: 470.1072 | 
Epoch: 193 | train_loss: 370.3577 | segmentation_loss: 0.1090 | reconstruction_loss: 370.2487 | val_loss: 473.8643 | 
Epoch: 194 | train_loss: 367.8421 | segmentation_loss: 0.1081 | reconstruction_loss: 367.7339 | val_loss: 458.7028 | 
Epoch: 195 | train_loss: 362.2512 | segmentation_loss: 0.1069 | reconstruction_loss: 362.1443 | val_loss: 452.8245 | 
Epoch: 196 | train_loss: 364.4985 | segmentation_loss: 0.1075 | reconstruction_loss: 364.3910 | val_loss: 458.9015 | 
Epoch: 197 | train_loss: 362.6310 | segmentation_loss: 0.1066 | reconstruction_loss: 362.5244 | val_loss: 448.6034 | 
Epoch: 198 | train_loss: 363.4675 | segmentation_loss: 0.1057 | reconstruction_loss: 363.3618 | val_loss: 463.8731 | 
Epoch: 199 | train_loss: 361.1672 | segmentation_loss: 0.1064 | reconstruction_loss: 361.0608 | val_loss: 445.4702 | 
Epoch: 200 | train_loss: 361.4378 | segmentation_loss: 0.1063 | reconstruction_loss: 361.3316 | val_loss: 450.3312 | 
Epoch: 201 | train_loss: 358.6985 | segmentation_loss: 0.1073 | reconstruction_loss: 358.5912 | val_loss: 452.3740 | 
Epoch: 202 | train_loss: 358.0590 | segmentation_loss: 0.1064 | reconstruction_loss: 357.9526 | val_loss: 457.4809 | 
Epoch: 203 | train_loss: 354.9709 | segmentation_loss: 0.1055 | reconstruction_loss: 354.8654 | val_loss: 459.5317 | 
Epoch: 204 | train_loss: 355.1582 | segmentation_loss: 0.1041 | reconstruction_loss: 355.0541 | val_loss: 454.6639 | 
Epoch: 205 | train_loss: 365.7864 | segmentation_loss: 0.1053 | reconstruction_loss: 365.6811 | val_loss: 455.3844 | 
Epoch: 206 | train_loss: 364.6691 | segmentation_loss: 0.1071 | reconstruction_loss: 364.5619 | val_loss: 453.0502 | 
Epoch: 207 | train_loss: 352.9245 | segmentation_loss: 0.1046 | reconstruction_loss: 352.8200 | val_loss: 458.6240 | 
Epoch: 208 | train_loss: 353.6679 | segmentation_loss: 0.1038 | reconstruction_loss: 353.5641 | val_loss: 451.4414 | 
Epoch: 209 | train_loss: 348.8504 | segmentation_loss: 0.1022 | reconstruction_loss: 348.7482 | val_loss: 454.7003 | 
Epoch: 210 | train_loss: 343.9661 | segmentation_loss: 0.1020 | reconstruction_loss: 343.8642 | val_loss: 452.4772 | 
Epoch: 211 | train_loss: 350.4324 | segmentation_loss: 0.1024 | reconstruction_loss: 350.3300 | val_loss: 451.6692 | 
Epoch: 212 | train_loss: 345.0328 | segmentation_loss: 0.1016 | reconstruction_loss: 344.9312 | val_loss: 453.7124 | 
Epoch: 213 | train_loss: 342.9786 | segmentation_loss: 0.1014 | reconstruction_loss: 342.8772 | val_loss: 436.6400 | 
Epoch: 214 | train_loss: 341.1896 | segmentation_loss: 0.1007 | reconstruction_loss: 341.0888 | val_loss: 444.3252 | 
Epoch: 215 | train_loss: 346.1207 | segmentation_loss: 0.1014 | reconstruction_loss: 346.0193 | val_loss: 454.4347 | 
Epoch: 216 | train_loss: 345.1320 | segmentation_loss: 0.1007 | reconstruction_loss: 345.0313 | val_loss: 444.4289 | 
Epoch: 217 | train_loss: 343.0504 | segmentation_loss: 0.1007 | reconstruction_loss: 342.9497 | val_loss: 448.6946 | 
Epoch: 218 | train_loss: 340.5368 | segmentation_loss: 0.0997 | reconstruction_loss: 340.4370 | val_loss: 436.1236 | 
Epoch: 219 | train_loss: 338.5684 | segmentation_loss: 0.0993 | reconstruction_loss: 338.4690 | val_loss: 438.2338 | 
Epoch: 220 | train_loss: 337.4552 | segmentation_loss: 0.0987 | reconstruction_loss: 337.3564 | val_loss: 456.4064 | 
Epoch: 221 | train_loss: 336.0750 | segmentation_loss: 0.0984 | reconstruction_loss: 335.9766 | val_loss: 435.1196 | 
Epoch: 222 | train_loss: 339.7642 | segmentation_loss: 0.0988 | reconstruction_loss: 339.6654 | val_loss: 450.6766 | 
Epoch: 223 | train_loss: 343.9212 | segmentation_loss: 0.1000 | reconstruction_loss: 343.8213 | val_loss: 432.8176 | 
Epoch: 224 | train_loss: 337.6079 | segmentation_loss: 0.0985 | reconstruction_loss: 337.5095 | val_loss: 443.5510 | 
Epoch: 225 | train_loss: 342.8633 | segmentation_loss: 0.0993 | reconstruction_loss: 342.7640 | val_loss: 462.3533 | 
Epoch: 226 | train_loss: 337.6009 | segmentation_loss: 0.1000 | reconstruction_loss: 337.5009 | val_loss: 434.8312 | 
Epoch: 227 | train_loss: 331.0433 | segmentation_loss: 0.0998 | reconstruction_loss: 330.9435 | val_loss: 423.8818 | 
Epoch: 228 | train_loss: 330.9477 | segmentation_loss: 0.0987 | reconstruction_loss: 330.8491 | val_loss: 458.0637 | 
Epoch: 229 | train_loss: 334.2172 | segmentation_loss: 0.1005 | reconstruction_loss: 334.1167 | val_loss: 439.4695 | 
Epoch: 230 | train_loss: 328.6064 | segmentation_loss: 0.0972 | reconstruction_loss: 328.5093 | val_loss: 439.2121 | 
Epoch: 231 | train_loss: 332.1579 | segmentation_loss: 0.0976 | reconstruction_loss: 332.0603 | val_loss: 431.0182 | 
Epoch: 232 | train_loss: 334.4638 | segmentation_loss: 0.0988 | reconstruction_loss: 334.3650 | val_loss: 432.0716 | 
Epoch: 233 | train_loss: 327.4963 | segmentation_loss: 0.0979 | reconstruction_loss: 327.3983 | val_loss: 418.1763 | 
Epoch: 234 | train_loss: 325.1004 | segmentation_loss: 0.0971 | reconstruction_loss: 325.0032 | val_loss: 420.5805 | 
Epoch: 235 | train_loss: 320.5203 | segmentation_loss: 0.0955 | reconstruction_loss: 320.4250 | val_loss: 433.3583 | 
Epoch: 236 | train_loss: 326.9534 | segmentation_loss: 0.0959 | reconstruction_loss: 326.8574 | val_loss: 438.0641 | 
Epoch: 237 | train_loss: 335.0586 | segmentation_loss: 0.0988 | reconstruction_loss: 334.9598 | val_loss: 445.9011 | 
Epoch: 238 | train_loss: 331.1082 | segmentation_loss: 0.0985 | reconstruction_loss: 331.0096 | val_loss: 440.9330 | 
Epoch: 239 | train_loss: 323.1387 | segmentation_loss: 0.0965 | reconstruction_loss: 323.0421 | val_loss: 437.8844 | 
Epoch: 240 | train_loss: 319.7887 | segmentation_loss: 0.0941 | reconstruction_loss: 319.6946 | val_loss: 431.0884 | 
Epoch: 241 | train_loss: 325.1434 | segmentation_loss: 0.0956 | reconstruction_loss: 325.0478 | val_loss: 438.4088 | 
Epoch: 242 | train_loss: 323.4761 | segmentation_loss: 0.0947 | reconstruction_loss: 323.3815 | val_loss: 436.7081 | 
Epoch: 243 | train_loss: 319.7845 | segmentation_loss: 0.0935 | reconstruction_loss: 319.6909 | val_loss: 434.7968 | 
Epoch: 244 | train_loss: 315.4213 | segmentation_loss: 0.0924 | reconstruction_loss: 315.3288 | val_loss: 428.6191 | 
Epoch: 245 | train_loss: 323.8080 | segmentation_loss: 0.0971 | reconstruction_loss: 323.7109 | val_loss: 431.3098 | 
Epoch: 246 | train_loss: 319.0836 | segmentation_loss: 0.0957 | reconstruction_loss: 318.9880 | val_loss: 433.8859 | 
Epoch: 247 | train_loss: 321.8436 | segmentation_loss: 0.0954 | reconstruction_loss: 321.7482 | val_loss: 428.4631 | 
Epoch: 248 | train_loss: 315.5460 | segmentation_loss: 0.0936 | reconstruction_loss: 315.4524 | val_loss: 437.4352 | 
Epoch: 249 | train_loss: 313.0385 | segmentation_loss: 0.0922 | reconstruction_loss: 312.9464 | val_loss: 436.0762 | 
Epoch: 250 | train_loss: 308.5618 | segmentation_loss: 0.0916 | reconstruction_loss: 308.4702 | val_loss: 425.0807 | 
Epoch: 251 | train_loss: 312.3790 | segmentation_loss: 0.0912 | reconstruction_loss: 312.2878 | val_loss: 425.2515 | 
Epoch: 252 | train_loss: 312.1569 | segmentation_loss: 0.0907 | reconstruction_loss: 312.0661 | val_loss: 433.8906 | 
Epoch: 253 | train_loss: 309.8133 | segmentation_loss: 0.0905 | reconstruction_loss: 309.7229 | val_loss: 428.4363 | 
Epoch: 254 | train_loss: 306.0253 | segmentation_loss: 0.0902 | reconstruction_loss: 305.9350 | val_loss: 422.3385 | 
Epoch: 255 | train_loss: 306.0168 | segmentation_loss: 0.0896 | reconstruction_loss: 305.9272 | val_loss: 414.9341 | 
Epoch: 256 | train_loss: 305.9537 | segmentation_loss: 0.0896 | reconstruction_loss: 305.8641 | val_loss: 428.8966 | 
Epoch: 257 | train_loss: 306.1283 | segmentation_loss: 0.0893 | reconstruction_loss: 306.0390 | val_loss: 426.9962 | 
Epoch: 258 | train_loss: 307.3135 | segmentation_loss: 0.0898 | reconstruction_loss: 307.2238 | val_loss: 414.6521 | 
Epoch: 259 | train_loss: 303.0525 | segmentation_loss: 0.0891 | reconstruction_loss: 302.9634 | val_loss: 415.4339 | 
Epoch: 260 | train_loss: 302.5209 | segmentation_loss: 0.0881 | reconstruction_loss: 302.4329 | val_loss: 419.4275 | 
Epoch: 261 | train_loss: 303.8715 | segmentation_loss: 0.0887 | reconstruction_loss: 303.7830 | val_loss: 411.3604 | 
Epoch: 262 | train_loss: 313.3049 | segmentation_loss: 0.0962 | reconstruction_loss: 313.2087 | val_loss: 420.1544 | 
Epoch: 263 | train_loss: 309.5200 | segmentation_loss: 0.0936 | reconstruction_loss: 309.4265 | val_loss: 426.9477 | 
Epoch: 264 | train_loss: 304.6660 | segmentation_loss: 0.0920 | reconstruction_loss: 304.5740 | val_loss: 415.1233 | 
Epoch: 265 | train_loss: 300.2636 | segmentation_loss: 0.0900 | reconstruction_loss: 300.1736 | val_loss: 413.9310 | 
Epoch: 266 | train_loss: 302.1672 | segmentation_loss: 0.0887 | reconstruction_loss: 302.0784 | val_loss: 425.5534 | 
Epoch: 267 | train_loss: 306.0347 | segmentation_loss: 0.0908 | reconstruction_loss: 305.9438 | val_loss: 426.0119 | 
Epoch: 268 | train_loss: 299.2059 | segmentation_loss: 0.0896 | reconstruction_loss: 299.1164 | val_loss: 416.8668 | 
Epoch: 269 | train_loss: 297.5143 | segmentation_loss: 0.0879 | reconstruction_loss: 297.4264 | val_loss: 415.3629 | 
Epoch: 270 | train_loss: 297.6962 | segmentation_loss: 0.0879 | reconstruction_loss: 297.6084 | val_loss: 437.8548 | 
Epoch: 271 | train_loss: 298.8295 | segmentation_loss: 0.0874 | reconstruction_loss: 298.7421 | val_loss: 432.3761 | 
Epoch: 272 | train_loss: 295.7998 | segmentation_loss: 0.0871 | reconstruction_loss: 295.7127 | val_loss: 427.4219 | 
Epoch: 273 | train_loss: 294.9259 | segmentation_loss: 0.0866 | reconstruction_loss: 294.8393 | val_loss: 422.6612 | 
Epoch: 274 | train_loss: 296.8822 | segmentation_loss: 0.0872 | reconstruction_loss: 296.7950 | val_loss: 419.5868 | 
Epoch: 275 | train_loss: 295.8817 | segmentation_loss: 0.0868 | reconstruction_loss: 295.7949 | val_loss: 405.8416 | 
Epoch: 276 | train_loss: 292.9018 | segmentation_loss: 0.0869 | reconstruction_loss: 292.8148 | val_loss: 415.8087 | 
Epoch: 277 | train_loss: 293.8664 | segmentation_loss: 0.0864 | reconstruction_loss: 293.7800 | val_loss: 416.1172 | 
Epoch: 278 | train_loss: 290.4495 | segmentation_loss: 0.0860 | reconstruction_loss: 290.3635 | val_loss: 415.4039 | 
Epoch: 279 | train_loss: 291.0454 | segmentation_loss: 0.0864 | reconstruction_loss: 290.9590 | val_loss: 418.7847 | 
Epoch: 280 | train_loss: 292.5315 | segmentation_loss: 0.0866 | reconstruction_loss: 292.4448 | val_loss: 426.2944 | 
Epoch: 281 | train_loss: 290.3021 | segmentation_loss: 0.0864 | reconstruction_loss: 290.2156 | val_loss: 419.0586 | 
Epoch: 282 | train_loss: 290.3844 | segmentation_loss: 0.0855 | reconstruction_loss: 290.2989 | val_loss: 418.2537 | 
Epoch: 283 | train_loss: 287.8545 | segmentation_loss: 0.0851 | reconstruction_loss: 287.7694 | val_loss: 414.1510 | 
Epoch: 284 | train_loss: 286.7930 | segmentation_loss: 0.0855 | reconstruction_loss: 286.7074 | val_loss: 421.4242 | 
Epoch: 285 | train_loss: 287.5249 | segmentation_loss: 0.0859 | reconstruction_loss: 287.4390 | val_loss: 409.3730 | 
Epoch: 286 | train_loss: 286.7297 | segmentation_loss: 0.0857 | reconstruction_loss: 286.6440 | val_loss: 411.3356 | 
Epoch: 287 | train_loss: 286.7988 | segmentation_loss: 0.0856 | reconstruction_loss: 286.7132 | val_loss: 412.3298 | 
Epoch: 288 | train_loss: 285.5756 | segmentation_loss: 0.0849 | reconstruction_loss: 285.4907 | val_loss: 413.0493 | 
Epoch: 289 | train_loss: 284.3899 | segmentation_loss: 0.0849 | reconstruction_loss: 284.3050 | val_loss: 408.4415 | 
Epoch: 290 | train_loss: 293.0746 | segmentation_loss: 0.0890 | reconstruction_loss: 292.9856 | val_loss: 418.0902 | 
Epoch: 291 | train_loss: 291.5371 | segmentation_loss: 0.0903 | reconstruction_loss: 291.4467 | val_loss: 425.8677 | 
Epoch: 292 | train_loss: 294.7104 | segmentation_loss: 0.0911 | reconstruction_loss: 294.6193 | val_loss: 426.4207 | 
Epoch: 293 | train_loss: 301.8552 | segmentation_loss: 0.0943 | reconstruction_loss: 301.7608 | val_loss: 421.7081 | 
Epoch: 294 | train_loss: 288.1598 | segmentation_loss: 0.0889 | reconstruction_loss: 288.0709 | val_loss: 420.4204 | 
Epoch: 295 | train_loss: 283.0541 | segmentation_loss: 0.0857 | reconstruction_loss: 282.9684 | val_loss: 407.2923 | 
Epoch: 296 | train_loss: 282.8231 | segmentation_loss: 0.0847 | reconstruction_loss: 282.7384 | val_loss: 409.2319 | 
Epoch: 297 | train_loss: 280.4552 | segmentation_loss: 0.0838 | reconstruction_loss: 280.3712 | val_loss: 401.9568 | 
Epoch: 298 | train_loss: 279.9322 | segmentation_loss: 0.0830 | reconstruction_loss: 279.8492 | val_loss: 420.1103 | 
Epoch: 299 | train_loss: 281.6621 | segmentation_loss: 0.0830 | reconstruction_loss: 281.5791 | val_loss: 419.4193 | 
Epoch: 300 | train_loss: 281.3696 | segmentation_loss: 0.0829 | reconstruction_loss: 281.2867 | val_loss: 404.7437 | 
Epoch: 301 | train_loss: 280.4099 | segmentation_loss: 0.0826 | reconstruction_loss: 280.3273 | val_loss: 423.8446 | 
Epoch: 302 | train_loss: 277.8879 | segmentation_loss: 0.0823 | reconstruction_loss: 277.8055 | val_loss: 405.7019 | 
Epoch: 303 | train_loss: 278.0279 | segmentation_loss: 0.0820 | reconstruction_loss: 277.9459 | val_loss: 406.7388 | 
Epoch: 304 | train_loss: 278.3621 | segmentation_loss: 0.0818 | reconstruction_loss: 278.2805 | val_loss: 409.3421 | 
Epoch: 305 | train_loss: 275.6523 | segmentation_loss: 0.0815 | reconstruction_loss: 275.5708 | val_loss: 407.9657 | 
Epoch: 306 | train_loss: 275.4737 | segmentation_loss: 0.0814 | reconstruction_loss: 275.3924 | val_loss: 422.5541 | 
Epoch: 307 | train_loss: 276.0636 | segmentation_loss: 0.0818 | reconstruction_loss: 275.9818 | val_loss: 418.8488 | 
Epoch: 308 | train_loss: 279.1356 | segmentation_loss: 0.0837 | reconstruction_loss: 279.0519 | val_loss: 407.5167 | 
Epoch: 309 | train_loss: 274.4459 | segmentation_loss: 0.0824 | reconstruction_loss: 274.3635 | val_loss: 421.3257 | 
Epoch: 310 | train_loss: 277.2670 | segmentation_loss: 0.0836 | reconstruction_loss: 277.1834 | val_loss: 408.6730 | 
Epoch: 311 | train_loss: 274.9711 | segmentation_loss: 0.0827 | reconstruction_loss: 274.8885 | val_loss: 415.2021 | 
Epoch: 312 | train_loss: 274.1645 | segmentation_loss: 0.0819 | reconstruction_loss: 274.0826 | val_loss: 401.5738 | 
Epoch: 313 | train_loss: 272.3074 | segmentation_loss: 0.0818 | reconstruction_loss: 272.2256 | val_loss: 413.9175 | 
Epoch: 314 | train_loss: 272.4285 | segmentation_loss: 0.0817 | reconstruction_loss: 272.3467 | val_loss: 400.8662 | 
Epoch: 315 | train_loss: 271.6771 | segmentation_loss: 0.0814 | reconstruction_loss: 271.5957 | val_loss: 399.7362 | 
Epoch: 316 | train_loss: 271.9808 | segmentation_loss: 0.0817 | reconstruction_loss: 271.8991 | val_loss: 407.4746 | 
Epoch: 317 | train_loss: 272.3459 | segmentation_loss: 0.0815 | reconstruction_loss: 272.2644 | val_loss: 408.0254 | 
Epoch: 318 | train_loss: 273.8530 | segmentation_loss: 0.0814 | reconstruction_loss: 273.7716 | val_loss: 410.3689 | 
Epoch: 319 | train_loss: 269.2884 | segmentation_loss: 0.0814 | reconstruction_loss: 269.2070 | val_loss: 408.8628 | 
Epoch: 320 | train_loss: 269.4318 | segmentation_loss: 0.0805 | reconstruction_loss: 269.3513 | val_loss: 400.1447 | 
Epoch: 321 | train_loss: 269.4319 | segmentation_loss: 0.0807 | reconstruction_loss: 269.3513 | val_loss: 412.5734 | 
Epoch: 322 | train_loss: 270.3330 | segmentation_loss: 0.0813 | reconstruction_loss: 270.2518 | val_loss: 407.2945 | 
Epoch: 323 | train_loss: 268.7529 | segmentation_loss: 0.0807 | reconstruction_loss: 268.6723 | val_loss: 420.3054 | 
Epoch: 324 | train_loss: 268.8468 | segmentation_loss: 0.0806 | reconstruction_loss: 268.7661 | val_loss: 404.0700 | 
Epoch: 325 | train_loss: 268.4820 | segmentation_loss: 0.0809 | reconstruction_loss: 268.4011 | val_loss: 420.5746 | 
Epoch: 326 | train_loss: 268.3424 | segmentation_loss: 0.0805 | reconstruction_loss: 268.2620 | val_loss: 401.3686 | 
Epoch: 327 | train_loss: 265.8662 | segmentation_loss: 0.0801 | reconstruction_loss: 265.7862 | val_loss: 402.9700 | 
Epoch: 328 | train_loss: 266.8334 | segmentation_loss: 0.0798 | reconstruction_loss: 266.7536 | val_loss: 403.6259 | 
Epoch: 329 | train_loss: 264.9468 | segmentation_loss: 0.0797 | reconstruction_loss: 264.8672 | val_loss: 410.8012 | 
Epoch: 330 | train_loss: 264.9796 | segmentation_loss: 0.0796 | reconstruction_loss: 264.9001 | val_loss: 401.4824 | 
Epoch: 331 | train_loss: 264.8466 | segmentation_loss: 0.0792 | reconstruction_loss: 264.7674 | val_loss: 412.0908 | 
Epoch: 332 | train_loss: 265.1781 | segmentation_loss: 0.0794 | reconstruction_loss: 265.0988 | val_loss: 406.6504 | 
Epoch: 333 | train_loss: 265.3950 | segmentation_loss: 0.0795 | reconstruction_loss: 265.3156 | val_loss: 395.1247 | 
Epoch: 334 | train_loss: 263.7948 | segmentation_loss: 0.0795 | reconstruction_loss: 263.7154 | val_loss: 402.9085 | 
Epoch: 335 | train_loss: 263.2145 | segmentation_loss: 0.0792 | reconstruction_loss: 263.1353 | val_loss: 393.7600 | 
Epoch: 336 | train_loss: 264.1515 | segmentation_loss: 0.0793 | reconstruction_loss: 264.0722 | val_loss: 403.4427 | 
Epoch: 337 | train_loss: 262.7164 | segmentation_loss: 0.0793 | reconstruction_loss: 262.6370 | val_loss: 395.9073 | 
Epoch: 338 | train_loss: 261.4273 | segmentation_loss: 0.0790 | reconstruction_loss: 261.3482 | val_loss: 429.3251 | 
Epoch: 339 | train_loss: 261.3119 | segmentation_loss: 0.0787 | reconstruction_loss: 261.2333 | val_loss: 414.9580 | 
Epoch: 340 | train_loss: 261.4459 | segmentation_loss: 0.0786 | reconstruction_loss: 261.3673 | val_loss: 396.3538 | 
Epoch: 341 | train_loss: 261.2386 | segmentation_loss: 0.0788 | reconstruction_loss: 261.1599 | val_loss: 398.2120 | 
Epoch: 342 | train_loss: 260.0640 | segmentation_loss: 0.0786 | reconstruction_loss: 259.9855 | val_loss: 402.7635 | 
Epoch: 343 | train_loss: 262.6833 | segmentation_loss: 0.0797 | reconstruction_loss: 262.6035 | val_loss: 401.5975 | 
Epoch: 344 | train_loss: 260.7598 | segmentation_loss: 0.0799 | reconstruction_loss: 260.6799 | val_loss: 402.6367 | 
Epoch: 345 | train_loss: 260.6010 | segmentation_loss: 0.0794 | reconstruction_loss: 260.5216 | val_loss: 400.8290 | 
Epoch: 346 | train_loss: 257.8312 | segmentation_loss: 0.0786 | reconstruction_loss: 257.7526 | val_loss: 394.6609 | 
Epoch: 347 | train_loss: 260.9735 | segmentation_loss: 0.0789 | reconstruction_loss: 260.8947 | val_loss: 396.6814 | 
Epoch: 348 | train_loss: 264.0281 | segmentation_loss: 0.0800 | reconstruction_loss: 263.9482 | val_loss: 399.1195 | 
Epoch: 349 | train_loss: 258.7889 | segmentation_loss: 0.0789 | reconstruction_loss: 258.7100 | val_loss: 396.1111 | 
Epoch: 350 | train_loss: 257.2063 | segmentation_loss: 0.0781 | reconstruction_loss: 257.1281 | val_loss: 417.4549 | 
Epoch: 351 | train_loss: 258.9260 | segmentation_loss: 0.0784 | reconstruction_loss: 258.8475 | val_loss: 403.9329 | 
Epoch: 352 | train_loss: 256.9246 | segmentation_loss: 0.0780 | reconstruction_loss: 256.8466 | val_loss: 417.0894 | 
Epoch: 353 | train_loss: 255.8105 | segmentation_loss: 0.0777 | reconstruction_loss: 255.7328 | val_loss: 398.7154 | 
Epoch: 354 | train_loss: 255.0648 | segmentation_loss: 0.0774 | reconstruction_loss: 254.9874 | val_loss: 414.9641 | 
Epoch: 355 | train_loss: 254.6210 | segmentation_loss: 0.0774 | reconstruction_loss: 254.5436 | val_loss: 399.7525 | 
Epoch: 356 | train_loss: 255.3915 | segmentation_loss: 0.0774 | reconstruction_loss: 255.3140 | val_loss: 396.5407 | 
Epoch: 357 | train_loss: 259.1385 | segmentation_loss: 0.0778 | reconstruction_loss: 259.0607 | val_loss: 405.3787 | 
Epoch: 358 | train_loss: 258.5613 | segmentation_loss: 0.0794 | reconstruction_loss: 258.4819 | val_loss: 398.5125 | 
Epoch: 359 | train_loss: 255.5056 | segmentation_loss: 0.0784 | reconstruction_loss: 255.4272 | val_loss: 398.0647 | 
Epoch: 360 | train_loss: 255.0688 | segmentation_loss: 0.0776 | reconstruction_loss: 254.9912 | val_loss: 396.6964 | 
Epoch: 361 | train_loss: 255.8943 | segmentation_loss: 0.0777 | reconstruction_loss: 255.8167 | val_loss: 394.2091 | 
Epoch: 362 | train_loss: 255.2876 | segmentation_loss: 0.0774 | reconstruction_loss: 255.2103 | val_loss: 401.9649 | 
Epoch: 363 | train_loss: 256.6456 | segmentation_loss: 0.0777 | reconstruction_loss: 256.5680 | val_loss: 406.2506 | 
Epoch: 364 | train_loss: 254.6622 | segmentation_loss: 0.0771 | reconstruction_loss: 254.5852 | val_loss: 409.1944 | 
Epoch: 365 | train_loss: 253.0748 | segmentation_loss: 0.0771 | reconstruction_loss: 252.9976 | val_loss: 408.4725 | 
Epoch: 366 | train_loss: 253.4063 | segmentation_loss: 0.0772 | reconstruction_loss: 253.3292 | val_loss: 407.6523 | 
Epoch: 367 | train_loss: 250.7578 | segmentation_loss: 0.0767 | reconstruction_loss: 250.6812 | val_loss: 394.0029 | 
Epoch: 368 | train_loss: 251.4052 | segmentation_loss: 0.0771 | reconstruction_loss: 251.3282 | val_loss: 405.1807 | 
Epoch: 369 | train_loss: 253.0231 | segmentation_loss: 0.0773 | reconstruction_loss: 252.9458 | val_loss: 405.9441 | 
Epoch: 370 | train_loss: 250.2097 | segmentation_loss: 0.0769 | reconstruction_loss: 250.1328 | val_loss: 398.3239 | 
Epoch: 371 | train_loss: 249.9989 | segmentation_loss: 0.0764 | reconstruction_loss: 249.9225 | val_loss: 409.8275 | 
Epoch: 372 | train_loss: 250.6650 | segmentation_loss: 0.0764 | reconstruction_loss: 250.5887 | val_loss: 394.0608 | 
Epoch: 373 | train_loss: 251.2612 | segmentation_loss: 0.0765 | reconstruction_loss: 251.1847 | val_loss: 409.5211 | 
Epoch: 374 | train_loss: 251.4106 | segmentation_loss: 0.0768 | reconstruction_loss: 251.3338 | val_loss: 400.7757 | 
Epoch: 375 | train_loss: 250.6262 | segmentation_loss: 0.0775 | reconstruction_loss: 250.5488 | val_loss: 398.3870 | 
Epoch: 376 | train_loss: 251.5396 | segmentation_loss: 0.0775 | reconstruction_loss: 251.4621 | val_loss: 400.4740 | 
Epoch: 377 | train_loss: 249.8334 | segmentation_loss: 0.0768 | reconstruction_loss: 249.7566 | val_loss: 395.6591 | 
Epoch: 378 | train_loss: 249.0053 | segmentation_loss: 0.0762 | reconstruction_loss: 248.9291 | val_loss: 400.5586 | 
Epoch: 379 | train_loss: 249.7967 | segmentation_loss: 0.0762 | reconstruction_loss: 249.7206 | val_loss: 392.0871 | 
Epoch: 380 | train_loss: 250.4053 | segmentation_loss: 0.0761 | reconstruction_loss: 250.3292 | val_loss: 402.4072 | 
Epoch: 381 | train_loss: 248.8322 | segmentation_loss: 0.0759 | reconstruction_loss: 248.7563 | val_loss: 401.9151 | 
Epoch: 382 | train_loss: 248.2564 | segmentation_loss: 0.0758 | reconstruction_loss: 248.1805 | val_loss: 392.7422 | 
Epoch: 383 | train_loss: 247.7338 | segmentation_loss: 0.0758 | reconstruction_loss: 247.6581 | val_loss: 406.7058 | 
Epoch: 384 | train_loss: 248.5877 | segmentation_loss: 0.0756 | reconstruction_loss: 248.5121 | val_loss: 400.9092 | 
Epoch: 385 | train_loss: 246.6824 | segmentation_loss: 0.0755 | reconstruction_loss: 246.6069 | val_loss: 416.6901 | 
Epoch: 386 | train_loss: 248.0758 | segmentation_loss: 0.0755 | reconstruction_loss: 248.0002 | val_loss: 386.6504 | 
Epoch: 387 | train_loss: 245.8262 | segmentation_loss: 0.0755 | reconstruction_loss: 245.7507 | val_loss: 395.5153 | 
Epoch: 388 | train_loss: 247.1432 | segmentation_loss: 0.0756 | reconstruction_loss: 247.0677 | val_loss: 404.2589 | 
Epoch: 389 | train_loss: 246.6018 | segmentation_loss: 0.0756 | reconstruction_loss: 246.5263 | val_loss: 414.0120 | 
Epoch: 390 | train_loss: 247.4376 | segmentation_loss: 0.0755 | reconstruction_loss: 247.3621 | val_loss: 399.2763 | 
Epoch: 391 | train_loss: 246.9691 | segmentation_loss: 0.0756 | reconstruction_loss: 246.8936 | val_loss: 391.4137 | 
Epoch: 392 | train_loss: 247.5855 | segmentation_loss: 0.0759 | reconstruction_loss: 247.5096 | val_loss: 397.4162 | 
Epoch: 393 | train_loss: 251.4480 | segmentation_loss: 0.0793 | reconstruction_loss: 251.3688 | val_loss: 406.5861 | 
Epoch: 394 | train_loss: 245.7907 | segmentation_loss: 0.0768 | reconstruction_loss: 245.7139 | val_loss: 390.7972 | 
Epoch: 395 | train_loss: 246.4187 | segmentation_loss: 0.0757 | reconstruction_loss: 246.3429 | val_loss: 396.6715 | 
Epoch: 396 | train_loss: 246.8762 | segmentation_loss: 0.0759 | reconstruction_loss: 246.8003 | val_loss: 387.0852 | 
Epoch: 397 | train_loss: 246.3976 | segmentation_loss: 0.0756 | reconstruction_loss: 246.3221 | val_loss: 393.3345 | 
Epoch: 398 | train_loss: 245.2312 | segmentation_loss: 0.0753 | reconstruction_loss: 245.1558 | val_loss: 390.8294 | 
Epoch: 399 | train_loss: 245.4142 | segmentation_loss: 0.0752 | reconstruction_loss: 245.3392 | val_loss: 403.9723 | 
Epoch: 400 | train_loss: 245.1392 | segmentation_loss: 0.0752 | reconstruction_loss: 245.0640 | val_loss: 394.5741 | 
Epoch: 401 | train_loss: 244.0529 | segmentation_loss: 0.0750 | reconstruction_loss: 243.9779 | val_loss: 403.8769 | 
Epoch: 402 | train_loss: 246.9798 | segmentation_loss: 0.0750 | reconstruction_loss: 246.9047 | val_loss: 389.2004 | 
Epoch: 403 | train_loss: 244.2327 | segmentation_loss: 0.0749 | reconstruction_loss: 244.1577 | val_loss: 401.5894 | 
Epoch: 404 | train_loss: 243.7605 | segmentation_loss: 0.0749 | reconstruction_loss: 243.6855 | val_loss: 403.0673 | 
Epoch: 405 | train_loss: 243.8530 | segmentation_loss: 0.0749 | reconstruction_loss: 243.7780 | val_loss: 404.1678 | 
Epoch: 406 | train_loss: 242.9211 | segmentation_loss: 0.0749 | reconstruction_loss: 242.8462 | val_loss: 399.1626 | 
Epoch: 407 | train_loss: 243.2609 | segmentation_loss: 0.0748 | reconstruction_loss: 243.1861 | val_loss: 398.8899 | 
Epoch: 408 | train_loss: 243.1751 | segmentation_loss: 0.0748 | reconstruction_loss: 243.1003 | val_loss: 391.7380 | 
Epoch: 409 | train_loss: 242.8157 | segmentation_loss: 0.0748 | reconstruction_loss: 242.7409 | val_loss: 394.5312 | 
Epoch: 410 | train_loss: 242.5623 | segmentation_loss: 0.0749 | reconstruction_loss: 242.4874 | val_loss: 391.5990 | 
Epoch: 411 | train_loss: 242.6452 | segmentation_loss: 0.0749 | reconstruction_loss: 242.5703 | val_loss: 395.1420 | 
Epoch: 412 | train_loss: 242.5334 | segmentation_loss: 0.0747 | reconstruction_loss: 242.4586 | val_loss: 402.2682 | 
Epoch: 413 | train_loss: 242.5325 | segmentation_loss: 0.0748 | reconstruction_loss: 242.4578 | val_loss: 393.6467 | 
Epoch: 414 | train_loss: 241.9695 | segmentation_loss: 0.0748 | reconstruction_loss: 241.8947 | val_loss: 395.7653 | 
Epoch: 415 | train_loss: 241.2344 | segmentation_loss: 0.0747 | reconstruction_loss: 241.1597 | val_loss: 408.7599 | 
Epoch: 416 | train_loss: 241.6700 | segmentation_loss: 0.0747 | reconstruction_loss: 241.5953 | val_loss: 386.8642 | 
Epoch: 417 | train_loss: 241.2613 | segmentation_loss: 0.0746 | reconstruction_loss: 241.1867 | val_loss: 400.4593 | 
Epoch: 418 | train_loss: 241.8056 | segmentation_loss: 0.0746 | reconstruction_loss: 241.7310 | val_loss: 401.5967 | 
Epoch: 419 | train_loss: 241.7902 | segmentation_loss: 0.0746 | reconstruction_loss: 241.7155 | val_loss: 393.8034 | 
Epoch: 420 | train_loss: 241.3577 | segmentation_loss: 0.0746 | reconstruction_loss: 241.2831 | val_loss: 403.9747 | 
Epoch: 421 | train_loss: 241.0543 | segmentation_loss: 0.0746 | reconstruction_loss: 240.9798 | val_loss: 391.6651 | 
Epoch: 422 | train_loss: 240.9443 | segmentation_loss: 0.0746 | reconstruction_loss: 240.8697 | val_loss: 405.1875 | 
Epoch: 423 | train_loss: 240.9072 | segmentation_loss: 0.0746 | reconstruction_loss: 240.8326 | val_loss: 404.1637 | 
Epoch: 424 | train_loss: 240.7544 | segmentation_loss: 0.0746 | reconstruction_loss: 240.6798 | val_loss: 403.9103 | 
Epoch: 425 | train_loss: 241.0365 | segmentation_loss: 0.0746 | reconstruction_loss: 240.9619 | val_loss: 393.7386 | 
Epoch: 426 | train_loss: 242.0550 | segmentation_loss: 0.0746 | reconstruction_loss: 241.9804 | val_loss: 395.6179 | 
Epoch: 427 | train_loss: 241.0610 | segmentation_loss: 0.0746 | reconstruction_loss: 240.9863 | val_loss: 407.5094 | 
Epoch: 428 | train_loss: 242.1988 | segmentation_loss: 0.0746 | reconstruction_loss: 242.1243 | val_loss: 403.2665 | 
Epoch: 429 | train_loss: 239.6949 | segmentation_loss: 0.0745 | reconstruction_loss: 239.6204 | val_loss: 392.5043 | 
Epoch: 430 | train_loss: 240.9994 | segmentation_loss: 0.0745 | reconstruction_loss: 240.9249 | val_loss: 399.0063 | 
Epoch: 431 | train_loss: 240.3101 | segmentation_loss: 0.0745 | reconstruction_loss: 240.2356 | val_loss: 402.4360 | 
Epoch: 432 | train_loss: 240.3020 | segmentation_loss: 0.0745 | reconstruction_loss: 240.2274 | val_loss: 408.4939 | 
Epoch: 433 | train_loss: 239.6989 | segmentation_loss: 0.0745 | reconstruction_loss: 239.6244 | val_loss: 398.8615 | 
Epoch: 434 | train_loss: 239.8488 | segmentation_loss: 0.0745 | reconstruction_loss: 239.7744 | val_loss: 396.6192 | 
Epoch: 435 | train_loss: 240.0080 | segmentation_loss: 0.0744 | reconstruction_loss: 239.9335 | val_loss: 395.7758 | 
Epoch: 436 | train_loss: 241.6967 | segmentation_loss: 0.0744 | reconstruction_loss: 241.6222 | val_loss: 396.5779 | 
Epoch: 437 | train_loss: 239.7540 | segmentation_loss: 0.0745 | reconstruction_loss: 239.6795 | val_loss: 387.2849 | 
Epoch: 438 | train_loss: 239.7158 | segmentation_loss: 0.0745 | reconstruction_loss: 239.6413 | val_loss: 393.1606 | 
Epoch: 439 | train_loss: 239.8603 | segmentation_loss: 0.0744 | reconstruction_loss: 239.7860 | val_loss: 385.7955 | 
Epoch: 440 | train_loss: 239.7170 | segmentation_loss: 0.0744 | reconstruction_loss: 239.6427 | val_loss: 389.4462 | 
Epoch: 441 | train_loss: 239.2963 | segmentation_loss: 0.0744 | reconstruction_loss: 239.2220 | val_loss: 395.1582 | 
Epoch: 442 | train_loss: 239.7431 | segmentation_loss: 0.0743 | reconstruction_loss: 239.6688 | val_loss: 404.6936 | 
Epoch: 443 | train_loss: 238.0786 | segmentation_loss: 0.0743 | reconstruction_loss: 238.0043 | val_loss: 409.8591 | 
Epoch: 444 | train_loss: 238.5912 | segmentation_loss: 0.0743 | reconstruction_loss: 238.5169 | val_loss: 397.8242 | 
Epoch: 445 | train_loss: 238.2547 | segmentation_loss: 0.0743 | reconstruction_loss: 238.1804 | val_loss: 405.9058 | 
Epoch: 446 | train_loss: 238.2390 | segmentation_loss: 0.0743 | reconstruction_loss: 238.1648 | val_loss: 394.1177 | 
Epoch: 447 | train_loss: 240.1597 | segmentation_loss: 0.0743 | reconstruction_loss: 240.0854 | val_loss: 398.6387 | 
Epoch: 448 | train_loss: 240.0272 | segmentation_loss: 0.0743 | reconstruction_loss: 239.9529 | val_loss: 395.3404 | 
Epoch: 449 | train_loss: 239.0338 | segmentation_loss: 0.0743 | reconstruction_loss: 238.9595 | val_loss: 390.7207 | 
Epoch: 450 | train_loss: 239.3460 | segmentation_loss: 0.0743 | reconstruction_loss: 239.2717 | val_loss: 385.1530 | 
Epoch: 451 | train_loss: 238.4509 | segmentation_loss: 0.0743 | reconstruction_loss: 238.3767 | val_loss: 391.3475 | 
Epoch: 452 | train_loss: 238.4380 | segmentation_loss: 0.0743 | reconstruction_loss: 238.3637 | val_loss: 395.8656 | 
Epoch: 453 | train_loss: 238.0074 | segmentation_loss: 0.0743 | reconstruction_loss: 237.9331 | val_loss: 400.7354 | 
Epoch: 454 | train_loss: 238.9213 | segmentation_loss: 0.0742 | reconstruction_loss: 238.8471 | val_loss: 393.6580 | 
Epoch: 455 | train_loss: 238.6309 | segmentation_loss: 0.0742 | reconstruction_loss: 238.5567 | val_loss: 410.8347 | 
Epoch: 456 | train_loss: 238.1051 | segmentation_loss: 0.0742 | reconstruction_loss: 238.0309 | val_loss: 395.3929 | 
Epoch: 457 | train_loss: 237.9353 | segmentation_loss: 0.0742 | reconstruction_loss: 237.8611 | val_loss: 403.9878 | 
Epoch: 458 | train_loss: 237.9018 | segmentation_loss: 0.0742 | reconstruction_loss: 237.8276 | val_loss: 398.4703 | 
Epoch: 459 | train_loss: 238.5752 | segmentation_loss: 0.0742 | reconstruction_loss: 238.5010 | val_loss: 391.9969 | 
Epoch: 460 | train_loss: 238.4739 | segmentation_loss: 0.0742 | reconstruction_loss: 238.3997 | val_loss: 392.4936 | 
Epoch: 461 | train_loss: 237.2052 | segmentation_loss: 0.0742 | reconstruction_loss: 237.1310 | val_loss: 392.8932 | 
Epoch: 462 | train_loss: 239.2644 | segmentation_loss: 0.0742 | reconstruction_loss: 239.1902 | val_loss: 395.7604 | 
Epoch: 463 | train_loss: 239.8903 | segmentation_loss: 0.0742 | reconstruction_loss: 239.8161 | val_loss: 397.5895 | 
Epoch: 464 | train_loss: 237.6249 | segmentation_loss: 0.0742 | reconstruction_loss: 237.5507 | val_loss: 390.8967 | 
Epoch: 465 | train_loss: 237.0518 | segmentation_loss: 0.0742 | reconstruction_loss: 236.9776 | val_loss: 392.4198 | 
Epoch: 466 | train_loss: 237.9748 | segmentation_loss: 0.0742 | reconstruction_loss: 237.9007 | val_loss: 398.7862 | 
Epoch: 467 | train_loss: 237.6351 | segmentation_loss: 0.0742 | reconstruction_loss: 237.5609 | val_loss: 395.5132 | 
Epoch: 468 | train_loss: 238.0660 | segmentation_loss: 0.0742 | reconstruction_loss: 237.9917 | val_loss: 393.7485 | 
Epoch: 469 | train_loss: 237.2197 | segmentation_loss: 0.0742 | reconstruction_loss: 237.1456 | val_loss: 399.7136 | 
Epoch: 470 | train_loss: 236.8634 | segmentation_loss: 0.0742 | reconstruction_loss: 236.7891 | val_loss: 389.3318 | 
Epoch: 471 | train_loss: 237.9053 | segmentation_loss: 0.0742 | reconstruction_loss: 237.8311 | val_loss: 395.7082 | 
Epoch: 472 | train_loss: 238.1090 | segmentation_loss: 0.0742 | reconstruction_loss: 238.0348 | val_loss: 392.4973 | 
Epoch: 473 | train_loss: 237.8460 | segmentation_loss: 0.0742 | reconstruction_loss: 237.7719 | val_loss: 394.5707 | 
Epoch: 474 | train_loss: 238.1384 | segmentation_loss: 0.0742 | reconstruction_loss: 238.0642 | val_loss: 403.8800 | 
Epoch: 475 | train_loss: 237.0202 | segmentation_loss: 0.0742 | reconstruction_loss: 236.9461 | val_loss: 391.2294 | 
Epoch: 476 | train_loss: 237.5963 | segmentation_loss: 0.0742 | reconstruction_loss: 237.5221 | val_loss: 384.7994 | 
Epoch: 477 | train_loss: 238.1416 | segmentation_loss: 0.0742 | reconstruction_loss: 238.0674 | val_loss: 390.4402 | 
Epoch: 478 | train_loss: 236.5837 | segmentation_loss: 0.0742 | reconstruction_loss: 236.5095 | val_loss: 389.8632 | 
Epoch: 479 | train_loss: 236.7046 | segmentation_loss: 0.0742 | reconstruction_loss: 236.6304 | val_loss: 394.8813 | 
Epoch: 480 | train_loss: 237.6119 | segmentation_loss: 0.0742 | reconstruction_loss: 237.5378 | val_loss: 400.1425 | 
Epoch: 481 | train_loss: 237.3536 | segmentation_loss: 0.0742 | reconstruction_loss: 237.2795 | val_loss: 399.0625 | 
Epoch: 482 | train_loss: 237.9877 | segmentation_loss: 0.0742 | reconstruction_loss: 237.9136 | val_loss: 404.1977 | 
Epoch: 483 | train_loss: 236.4745 | segmentation_loss: 0.0741 | reconstruction_loss: 236.4004 | val_loss: 393.6332 | 
Epoch: 484 | train_loss: 238.3648 | segmentation_loss: 0.0741 | reconstruction_loss: 238.2906 | val_loss: 386.5894 | 
Epoch: 485 | train_loss: 238.2793 | segmentation_loss: 0.0741 | reconstruction_loss: 238.2051 | val_loss: 395.4717 | 
Epoch: 486 | train_loss: 237.6632 | segmentation_loss: 0.0741 | reconstruction_loss: 237.5890 | val_loss: 400.6217 | 
Epoch: 487 | train_loss: 236.9245 | segmentation_loss: 0.0741 | reconstruction_loss: 236.8504 | val_loss: 406.7347 | 
Epoch: 488 | train_loss: 237.0283 | segmentation_loss: 0.0741 | reconstruction_loss: 236.9541 | val_loss: 396.1610 | 
Epoch: 489 | train_loss: 237.6299 | segmentation_loss: 0.0741 | reconstruction_loss: 237.5557 | val_loss: 391.5034 | 
Epoch: 490 | train_loss: 238.4630 | segmentation_loss: 0.0741 | reconstruction_loss: 238.3888 | val_loss: 394.4059 | 
Epoch: 491 | train_loss: 236.6803 | segmentation_loss: 0.0741 | reconstruction_loss: 236.6062 | val_loss: 390.2251 | 
Epoch: 492 | train_loss: 236.9536 | segmentation_loss: 0.0741 | reconstruction_loss: 236.8794 | val_loss: 396.8649 | 
Epoch: 493 | train_loss: 236.5782 | segmentation_loss: 0.0741 | reconstruction_loss: 236.5040 | val_loss: 399.3135 | 
Epoch: 494 | train_loss: 237.0832 | segmentation_loss: 0.0741 | reconstruction_loss: 237.0090 | val_loss: 391.5229 | 
Epoch: 495 | train_loss: 237.1152 | segmentation_loss: 0.0741 | reconstruction_loss: 237.0411 | val_loss: 387.3366 | 
Epoch: 496 | train_loss: 236.7476 | segmentation_loss: 0.0741 | reconstruction_loss: 236.6734 | val_loss: 388.5139 | 
Epoch: 497 | train_loss: 236.7562 | segmentation_loss: 0.0741 | reconstruction_loss: 236.6821 | val_loss: 388.8859 | 
Epoch: 498 | train_loss: 236.6876 | segmentation_loss: 0.0741 | reconstruction_loss: 236.6134 | val_loss: 398.8851 | 
Epoch: 499 | train_loss: 236.8472 | segmentation_loss: 0.0741 | reconstruction_loss: 236.7732 | val_loss: 384.5641 | 
wandb: Waiting for W&B process to finish... (success).
wandb: - 0.001 MB of 0.001 MB uploaded (0.000 MB deduped)wandb: \ 0.001 MB of 0.001 MB uploaded (0.000 MB deduped)wandb: | 0.001 MB of 0.001 MB uploaded (0.000 MB deduped)wandb: / 0.001 MB of 0.001 MB uploaded (0.000 MB deduped)wandb: - 0.001 MB of 0.059 MB uploaded (0.000 MB deduped)wandb: \ 0.001 MB of 0.059 MB uploaded (0.000 MB deduped)wandb: | 0.001 MB of 0.059 MB uploaded (0.000 MB deduped)wandb: / 0.001 MB of 0.059 MB uploaded (0.000 MB deduped)wandb: - 0.001 MB of 0.059 MB uploaded (0.000 MB deduped)wandb: \ 0.001 MB of 0.059 MB uploaded (0.000 MB deduped)wandb: | 0.059 MB of 0.059 MB uploaded (0.000 MB deduped)wandb: / 0.059 MB of 0.059 MB uploaded (0.000 MB deduped)wandb: - 0.059 MB of 0.059 MB uploaded (0.000 MB deduped)wandb: \ 0.059 MB of 0.059 MB uploaded (0.000 MB deduped)wandb: | 0.059 MB of 0.059 MB uploaded (0.000 MB deduped)wandb: / 0.059 MB of 0.059 MB uploaded (0.000 MB deduped)wandb: - 0.059 MB of 0.059 MB uploaded (0.000 MB deduped)wandb: \ 0.059 MB of 0.059 MB uploaded (0.000 MB deduped)wandb: | 0.059 MB of 0.059 MB uploaded (0.000 MB deduped)wandb: / 0.059 MB of 0.059 MB uploaded (0.000 MB deduped)wandb: - 0.059 MB of 0.059 MB uploaded (0.000 MB deduped)wandb: \ 0.059 MB of 0.059 MB uploaded (0.000 MB deduped)wandb:                                                                                
wandb: 
wandb: Run history:
wandb: reconstruction_loss █▃▃▂▂▂▂▂▂▂▂▂▁▁▁▁▁▁▁▁▁▁▁▁▁▁▁▁▁▁▁▁▁▁▁▁▁▁▁▁
wandb:   segmentation_loss ██▇▇▆▅▃▃▂▂▂▂▁▁▁▁▁▁▁▁▁▁▁▁▁▁▁▁▁▁▁▁▁▁▁▁▁▁▁▁
wandb:          train_loss █▃▃▂▂▂▂▂▂▂▂▂▁▁▁▁▁▁▁▁▁▁▁▁▁▁▁▁▁▁▁▁▁▁▁▁▁▁▁▁
wandb:            val_loss █▃▃▂▂▂▂▂▂▂▁▁▁▁▁▁▁▁▁▁▁▁▁▁▁▁▁▁▁▁▁▁▁▁▁▁▁▁▁▁
wandb: 
wandb: Run summary:
wandb: reconstruction_loss 238.22633
wandb:   segmentation_loss 0.07414
wandb:          train_loss 238.30045
wandb:            val_loss 398.75731
wandb: 
wandb: Synced JointLearning-MallesNet-500epochs2022-09-01 18:28:40.443142: https://wandb.ai/loki-777/joint-learning/runs/jh7ewum3
wandb: Synced 6 W&B file(s), 0 media file(s), 0 artifact file(s) and 0 other file(s)
wandb: Find logs at: ./wandb/run-20220901_182844-jh7ewum3/logs
Epoch: 500 | train_loss: 238.3005 | segmentation_loss: 0.0741 | reconstruction_loss: 238.2263 | val_loss: 398.7573 | 
[INFO] Saving model to: saved_models/joint-learning1.pth
